<?xml version="1.0" encoding="UTF-8"?>
<coverage generated="1578739952563" clover="3.2.0">
  <project timestamp="1578739952563" name="All files">
    <metrics statements="6" coveredstatements="6" conditionals="0" coveredconditionals="0" methods="5" coveredmethods="5" elements="11" coveredelements="11" complexity="0" loc="6" ncloc="6" packages="1" files="1" classes="1"/>
    <file name="HelloWorld.vue" path="/Users/rajeshwar/workspace/others/vue-apps/vue-sessions/vue-day-6/src/components/HelloWorld.vue">
      <metrics statements="6" coveredstatements="6" conditionals="0" coveredconditionals="0" methods="5" coveredmethods="5"/>
      <line num="12" count="1" type="stmt"/>
      <line num="20" count="9" type="stmt"/>
      <line num="28" count="1" type="stmt"/>
      <line num="33" count="1" type="stmt"/>
      <line num="36" count="3" type="stmt"/>
      <line num="39" count="1" type="stmt"/>
    </file>
  </project>
</coverage>
